c:\users\administrator\desktop\传送门 sdk问题\autobhop[原版]\src\debug\vc141.pdb
c:\users\administrator\desktop\传送门 sdk问题\autobhop[原版]\src\debug\variable.obj
c:\users\administrator\desktop\传送门 sdk问题\autobhop[原版]\src\debug\sdk.obj
c:\users\administrator\desktop\传送门 sdk问题\autobhop[原版]\src\debug\memory.obj
c:\users\administrator\desktop\传送门 sdk问题\autobhop[原版]\src\debug\portal2.obj
c:\users\administrator\desktop\传送门 sdk问题\autobhop[原版]\src\debug\plugin.obj
c:\users\administrator\desktop\传送门 sdk问题\autobhop[原版]\src\debug\offsets.obj
c:\users\administrator\desktop\传送门 sdk问题\autobhop[原版]\src\debug\tier1.obj
c:\users\administrator\desktop\传送门 sdk问题\autobhop[原版]\src\debug\module.obj
c:\users\administrator\desktop\传送门 sdk问题\autobhop[原版]\src\debug\engine.obj
c:\users\administrator\desktop\传送门 sdk问题\autobhop[原版]\src\debug\console.obj
c:\users\administrator\desktop\传送门 sdk问题\autobhop[原版]\src\debug\client.obj
c:\users\administrator\desktop\传送门 sdk问题\autobhop[原版]\src\debug\interface.obj
c:\users\administrator\desktop\传送门 sdk问题\autobhop[原版]\src\debug\game.obj
c:\users\administrator\desktop\传送门 sdk问题\autobhop[原版]\src\debug\command.obj
c:\users\administrator\desktop\传送门 sdk问题\autobhop[原版]\src\debug\cheats.obj
c:\users\administrator\desktop\传送门 sdk问题\autobhop[原版]\src\debug\autobhop.obj
c:\users\administrator\desktop\传送门 sdk问题\autobhop[原版]\src\debug\surface.obj
c:\users\administrator\desktop\传送门 sdk问题\autobhop[原版]\src\debug\autobhop.tlog\cl.command.1.tlog
c:\users\administrator\desktop\传送门 sdk问题\autobhop[原版]\src\debug\autobhop.tlog\cl.read.1.tlog
c:\users\administrator\desktop\传送门 sdk问题\autobhop[原版]\src\debug\autobhop.tlog\cl.write.1.tlog
