C:\Program Files (x86)\Microsoft Visual Studio\2017\Community\Common7\IDE\VC\VCTargets\Microsoft.CppBuild.targets(391,5): warning MSB8028: 中间目录(Debug\)包含从另一个项目(SMSM.vcxproj)共享的文件。   这会导致错误的清除和重新生成行为。
  Server.cpp
  Surface.cpp
  autobhop.cpp
  Cheats.cpp
  Command.cpp
  Game.cpp
  Interface.cpp
  Client.cpp
  Console.cpp
  Engine.cpp
  Module.cpp
  Tier1.cpp
  Offsets.cpp
  Plugin.cpp
  Portal2.cpp
  Memory.cpp
  SDK.cpp
  Variable.cpp
  正在生成代码...
    正在创建库 C:\Users\Administrator\Desktop\传送门 SDK问题\autobhop[原版]\bin\autobhop.lib 和对象 C:\Users\Administrator\Desktop\传送门 SDK问题\autobhop[原版]\bin\autobhop.exp
  autobhop.vcxproj -> C:\Users\Administrator\Desktop\传送门 SDK问题\autobhop[原版]\bin\autobhop.dll
