c:\users\administrator\desktop\smsm\src\debug\vc141.pdb
c:\users\administrator\desktop\smsm\src\debug\memory.obj
c:\users\administrator\desktop\smsm\src\debug\portal2.obj
c:\users\administrator\desktop\smsm\src\debug\plugin.obj
c:\users\administrator\desktop\smsm\src\debug\offsets.obj
c:\users\administrator\desktop\smsm\src\debug\tier1.obj
c:\users\administrator\desktop\smsm\src\debug\module.obj
c:\users\administrator\desktop\smsm\src\debug\engine.obj
c:\users\administrator\desktop\smsm\src\debug\console.obj
c:\users\administrator\desktop\smsm\src\debug\client.obj
c:\users\administrator\desktop\smsm\src\debug\interface.obj
c:\users\administrator\desktop\smsm\src\debug\game.obj
c:\users\administrator\desktop\smsm\src\debug\command.obj
c:\users\administrator\desktop\smsm\src\debug\cheats.obj
c:\users\administrator\desktop\smsm\src\debug\smsm.obj
c:\users\administrator\desktop\smsm\src\debug\vscript.obj
c:\users\administrator\desktop\smsm\src\debug\vgui.obj
c:\users\administrator\desktop\smsm\src\debug\surface.obj
c:\users\administrator\desktop\smsm\src\debug\server.obj
c:\users\administrator\desktop\smsm\src\debug\hud.obj
c:\users\administrator\desktop\smsm\src\debug\celestemoveset.obj
c:\users\administrator\desktop\smsm\src\debug\variable.obj
c:\users\administrator\desktop\smsm\src\debug\sdk.obj
c:\users\administrator\desktop\smsm\bin\smsm.dll
c:\users\administrator\desktop\smsm\bin\smsm.map
c:\users\administrator\desktop\smsm\bin\smsm.pdb
c:\users\administrator\desktop\smsm\bin\smsm.lib
c:\users\administrator\desktop\smsm\bin\smsm.exp
c:\users\administrator\desktop\smsm\src\debug\smsm.tlog\cl.command.1.tlog
c:\users\administrator\desktop\smsm\src\debug\smsm.tlog\cl.read.1.tlog
c:\users\administrator\desktop\smsm\src\debug\smsm.tlog\cl.write.1.tlog
c:\users\administrator\desktop\smsm\src\debug\smsm.tlog\link.command.1.tlog
c:\users\administrator\desktop\smsm\src\debug\smsm.tlog\link.read.1.tlog
c:\users\administrator\desktop\smsm\src\debug\smsm.tlog\link.write.1.tlog
c:\users\administrator\desktop\smsm\src\debug\smsm.tlog\smsm.write.1u.tlog
