C:\Program Files (x86)\Microsoft Visual Studio\2017\Community\Common7\IDE\VC\VCTargets\Microsoft.CppBuild.targets(391,5): warning MSB8028: 中间目录(x64\Debug\)包含从另一个项目(SMSM.vcxproj)共享的文件。   这会导致错误的清除和重新生成行为。
  CelesteMoveset.cpp
c:\users\administrator\desktop\autobhop\src\utils\math.hpp(17): error C4235: 使用了非标准扩展: 不支持在此结构上使用“__asm”关键字
c:\users\administrator\desktop\autobhop\src\utils\math.hpp(18): error C2065: “fld”: 未声明的标识符
c:\users\administrator\desktop\autobhop\src\utils\math.hpp(18): error C2146: 语法错误: 缺少“;”(在标识符“DWORD”的前面)
c:\users\administrator\desktop\autobhop\src\utils\math.hpp(18): error C2131: 表达式的计算结果不是常数
  c:\users\administrator\desktop\autobhop\src\utils\math.hpp(18): note: 因读取超过生命周期的变量而失败
  c:\users\administrator\desktop\autobhop\src\utils\math.hpp(18): note: 请参见“radians”的用法
c:\users\administrator\desktop\autobhop\src\utils\math.hpp(21): error C2131: 表达式的计算结果不是常数
  c:\users\administrator\desktop\autobhop\src\utils\math.hpp(18): note: 因读取超过生命周期的变量而失败
  c:\users\administrator\desktop\autobhop\src\utils\math.hpp(18): note: 请参见“radians”的用法
c:\users\administrator\desktop\autobhop\src\utils\math.hpp(21): error C2146: 语法错误: 缺少“;”(在标识符“fsincos”的前面)
c:\users\administrator\desktop\autobhop\src\utils\math.hpp(19): error C2065: “fsincos”: 未声明的标识符
c:\users\administrator\desktop\autobhop\src\utils\math.hpp(21): error C2146: 语法错误: 缺少“;”(在标识符“mov”的前面)
c:\users\administrator\desktop\autobhop\src\utils\math.hpp(21): error C2065: “mov”: 未声明的标识符
c:\users\administrator\desktop\autobhop\src\utils\math.hpp(21): error C2146: 语法错误: 缺少“;”(在标识符“edx”的前面)
c:\users\administrator\desktop\autobhop\src\utils\math.hpp(21): error C2065: “edx”: 未声明的标识符
c:\users\administrator\desktop\autobhop\src\utils\math.hpp(21): error C2275: “DWORD”: 将此类型用作表达式非法
  d:\windows kits\10\include\10.0.17763.0\shared\minwindef.h(156): note: 参见“DWORD”的声明
c:\users\administrator\desktop\autobhop\src\utils\math.hpp(21): error C2146: 语法错误: 缺少“;”(在标识符“PTR”的前面)
c:\users\administrator\desktop\autobhop\src\utils\math.hpp(22): error C2146: 语法错误: 缺少“;”(在标识符“mov”的前面)
c:\users\administrator\desktop\autobhop\src\utils\math.hpp(22): error C2065: “mov”: 未声明的标识符
c:\users\administrator\desktop\autobhop\src\utils\math.hpp(22): error C2146: 语法错误: 缺少“;”(在标识符“eax”的前面)
c:\users\administrator\desktop\autobhop\src\utils\math.hpp(22): error C2065: “eax”: 未声明的标识符
c:\users\administrator\desktop\autobhop\src\utils\math.hpp(22): error C2275: “DWORD”: 将此类型用作表达式非法
  d:\windows kits\10\include\10.0.17763.0\shared\minwindef.h(156): note: 参见“DWORD”的声明
c:\users\administrator\desktop\autobhop\src\utils\math.hpp(22): error C2146: 语法错误: 缺少“;”(在标识符“PTR”的前面)
c:\users\administrator\desktop\autobhop\src\utils\math.hpp(24): error C2146: 语法错误: 缺少“;”(在标识符“fstp”的前面)
c:\users\administrator\desktop\autobhop\src\utils\math.hpp(24): error C2065: “fstp”: 未声明的标识符
c:\users\administrator\desktop\autobhop\src\utils\math.hpp(24): error C2146: 语法错误: 缺少“;”(在标识符“DWORD”的前面)
c:\users\administrator\desktop\autobhop\src\utils\math.hpp(24): error C2065: “edx”: 未声明的标识符
c:\users\administrator\desktop\autobhop\src\utils\math.hpp(24): error C2369: “PTR”: 重定义；不同的下标
  c:\users\administrator\desktop\autobhop\src\utils\math.hpp(18): note: 参见“PTR”的声明
c:\users\administrator\desktop\autobhop\src\utils\math.hpp(25): error C2146: 语法错误: 缺少“;”(在标识符“fstp”的前面)
c:\users\administrator\desktop\autobhop\src\utils\math.hpp(25): error C2065: “fstp”: 未声明的标识符
c:\users\administrator\desktop\autobhop\src\utils\math.hpp(25): error C2146: 语法错误: 缺少“;”(在标识符“DWORD”的前面)
c:\users\administrator\desktop\autobhop\src\utils\math.hpp(25): error C2065: “eax”: 未声明的标识符
c:\users\administrator\desktop\autobhop\src\utils\math.hpp(26): error C2143: 语法错误: 缺少“;”(在“}”的前面)
c:\users\administrator\desktop\autobhop\src\utils\math.hpp(25): error C2369: “PTR”: 重定义；不同的下标
  c:\users\administrator\desktop\autobhop\src\utils\math.hpp(18): note: 参见“PTR”的声明
c:\users\administrator\desktop\autobhop\src\utils\math.hpp(36): error C2296: “*”: 非法，左操作数包含“float *”类型
c:\users\administrator\desktop\autobhop\src\celestemoveset.hpp(39): warning C4305: “初始化”: 从“double”到“float”截断
c:\users\administrator\desktop\autobhop\src\celestemoveset.cpp(4): fatal error C1083: 无法打开包括文件: “SMSM.hpp”: No such file or directory
  Server.cpp
c:\users\administrator\desktop\autobhop\src\modules\server.hpp(2): fatal error C1083: 无法打开包括文件: “Interface.hpp”: No such file or directory
  Surface.cpp
c:\users\administrator\desktop\autobhop\src\modules\surface.hpp(6): fatal error C1083: 无法打开包括文件: “Interface.hpp”: No such file or directory
  VGui.cpp
c:\users\administrator\desktop\autobhop\src\modules\vgui.hpp(6): fatal error C1083: 无法打开包括文件: “Interface.hpp”: No such file or directory
  VScript.cpp
c:\users\administrator\desktop\autobhop\src\modules\vscript.hpp(2): fatal error C1083: 无法打开包括文件: “Interface.hpp”: No such file or directory
  autobhop.cpp
c:\users\administrator\desktop\autobhop\src\autobhop.cpp(1): fatal error C1083: 无法打开包括文件: “SMSM.hpp”: No such file or directory
  Cheats.cpp
c:\users\administrator\desktop\autobhop\src\utils\math.hpp(17): error C4235: 使用了非标准扩展: 不支持在此结构上使用“__asm”关键字
c:\users\administrator\desktop\autobhop\src\utils\math.hpp(18): error C2065: “fld”: 未声明的标识符
c:\users\administrator\desktop\autobhop\src\utils\math.hpp(18): error C2146: 语法错误: 缺少“;”(在标识符“DWORD”的前面)
c:\users\administrator\desktop\autobhop\src\utils\math.hpp(18): error C2131: 表达式的计算结果不是常数
  c:\users\administrator\desktop\autobhop\src\utils\math.hpp(18): note: 因读取超过生命周期的变量而失败
  c:\users\administrator\desktop\autobhop\src\utils\math.hpp(18): note: 请参见“radians”的用法
c:\users\administrator\desktop\autobhop\src\utils\math.hpp(21): error C2131: 表达式的计算结果不是常数
  c:\users\administrator\desktop\autobhop\src\utils\math.hpp(18): note: 因读取超过生命周期的变量而失败
  c:\users\administrator\desktop\autobhop\src\utils\math.hpp(18): note: 请参见“radians”的用法
c:\users\administrator\desktop\autobhop\src\utils\math.hpp(21): error C2146: 语法错误: 缺少“;”(在标识符“fsincos”的前面)
c:\users\administrator\desktop\autobhop\src\utils\math.hpp(19): error C2065: “fsincos”: 未声明的标识符
c:\users\administrator\desktop\autobhop\src\utils\math.hpp(21): error C2146: 语法错误: 缺少“;”(在标识符“mov”的前面)
c:\users\administrator\desktop\autobhop\src\utils\math.hpp(21): error C2065: “mov”: 未声明的标识符
c:\users\administrator\desktop\autobhop\src\utils\math.hpp(21): error C2146: 语法错误: 缺少“;”(在标识符“edx”的前面)
c:\users\administrator\desktop\autobhop\src\utils\math.hpp(21): error C2065: “edx”: 未声明的标识符
c:\users\administrator\desktop\autobhop\src\utils\math.hpp(21): error C2275: “DWORD”: 将此类型用作表达式非法
  d:\windows kits\10\include\10.0.17763.0\shared\minwindef.h(156): note: 参见“DWORD”的声明
c:\users\administrator\desktop\autobhop\src\utils\math.hpp(21): error C2146: 语法错误: 缺少“;”(在标识符“PTR”的前面)
c:\users\administrator\desktop\autobhop\src\utils\math.hpp(22): error C2146: 语法错误: 缺少“;”(在标识符“mov”的前面)
c:\users\administrator\desktop\autobhop\src\utils\math.hpp(22): error C2065: “mov”: 未声明的标识符
c:\users\administrator\desktop\autobhop\src\utils\math.hpp(22): error C2146: 语法错误: 缺少“;”(在标识符“eax”的前面)
c:\users\administrator\desktop\autobhop\src\utils\math.hpp(22): error C2065: “eax”: 未声明的标识符
c:\users\administrator\desktop\autobhop\src\utils\math.hpp(22): error C2275: “DWORD”: 将此类型用作表达式非法
  d:\windows kits\10\include\10.0.17763.0\shared\minwindef.h(156): note: 参见“DWORD”的声明
c:\users\administrator\desktop\autobhop\src\utils\math.hpp(22): error C2146: 语法错误: 缺少“;”(在标识符“PTR”的前面)
c:\users\administrator\desktop\autobhop\src\utils\math.hpp(24): error C2146: 语法错误: 缺少“;”(在标识符“fstp”的前面)
c:\users\administrator\desktop\autobhop\src\utils\math.hpp(24): error C2065: “fstp”: 未声明的标识符
c:\users\administrator\desktop\autobhop\src\utils\math.hpp(24): error C2146: 语法错误: 缺少“;”(在标识符“DWORD”的前面)
c:\users\administrator\desktop\autobhop\src\utils\math.hpp(24): error C2065: “edx”: 未声明的标识符
c:\users\administrator\desktop\autobhop\src\utils\math.hpp(24): error C2369: “PTR”: 重定义；不同的下标
  c:\users\administrator\desktop\autobhop\src\utils\math.hpp(18): note: 参见“PTR”的声明
c:\users\administrator\desktop\autobhop\src\utils\math.hpp(25): error C2146: 语法错误: 缺少“;”(在标识符“fstp”的前面)
c:\users\administrator\desktop\autobhop\src\utils\math.hpp(25): error C2065: “fstp”: 未声明的标识符
c:\users\administrator\desktop\autobhop\src\utils\math.hpp(25): error C2146: 语法错误: 缺少“;”(在标识符“DWORD”的前面)
c:\users\administrator\desktop\autobhop\src\utils\math.hpp(25): error C2065: “eax”: 未声明的标识符
c:\users\administrator\desktop\autobhop\src\utils\math.hpp(26): error C2143: 语法错误: 缺少“;”(在“}”的前面)
c:\users\administrator\desktop\autobhop\src\utils\math.hpp(25): error C2369: “PTR”: 重定义；不同的下标
  c:\users\administrator\desktop\autobhop\src\utils\math.hpp(18): note: 参见“PTR”的声明
c:\users\administrator\desktop\autobhop\src\utils\math.hpp(36): error C2296: “*”: 非法，左操作数包含“float *”类型
c:\users\administrator\desktop\autobhop\src\cheats.cpp(9): fatal error C1083: 无法打开包括文件: “SMSM.hpp”: No such file or directory
  Command.cpp
c:\users\administrator\desktop\autobhop\src\utils\math.hpp(17): error C4235: 使用了非标准扩展: 不支持在此结构上使用“__asm”关键字
c:\users\administrator\desktop\autobhop\src\utils\math.hpp(18): error C2065: “fld”: 未声明的标识符
c:\users\administrator\desktop\autobhop\src\utils\math.hpp(18): error C2146: 语法错误: 缺少“;”(在标识符“DWORD”的前面)
c:\users\administrator\desktop\autobhop\src\utils\math.hpp(18): error C2131: 表达式的计算结果不是常数
  c:\users\administrator\desktop\autobhop\src\utils\math.hpp(18): note: 因读取超过生命周期的变量而失败
  c:\users\administrator\desktop\autobhop\src\utils\math.hpp(18): note: 请参见“radians”的用法
c:\users\administrator\desktop\autobhop\src\utils\math.hpp(21): error C2131: 表达式的计算结果不是常数
  c:\users\administrator\desktop\autobhop\src\utils\math.hpp(18): note: 因读取超过生命周期的变量而失败
  c:\users\administrator\desktop\autobhop\src\utils\math.hpp(18): note: 请参见“radians”的用法
c:\users\administrator\desktop\autobhop\src\utils\math.hpp(21): error C2146: 语法错误: 缺少“;”(在标识符“fsincos”的前面)
c:\users\administrator\desktop\autobhop\src\utils\math.hpp(19): error C2065: “fsincos”: 未声明的标识符
c:\users\administrator\desktop\autobhop\src\utils\math.hpp(21): error C2146: 语法错误: 缺少“;”(在标识符“mov”的前面)
c:\users\administrator\desktop\autobhop\src\utils\math.hpp(21): error C2065: “mov”: 未声明的标识符
c:\users\administrator\desktop\autobhop\src\utils\math.hpp(21): error C2146: 语法错误: 缺少“;”(在标识符“edx”的前面)
c:\users\administrator\desktop\autobhop\src\utils\math.hpp(21): error C2065: “edx”: 未声明的标识符
c:\users\administrator\desktop\autobhop\src\utils\math.hpp(21): error C2275: “DWORD”: 将此类型用作表达式非法
  d:\windows kits\10\include\10.0.17763.0\shared\minwindef.h(156): note: 参见“DWORD”的声明
c:\users\administrator\desktop\autobhop\src\utils\math.hpp(21): error C2146: 语法错误: 缺少“;”(在标识符“PTR”的前面)
c:\users\administrator\desktop\autobhop\src\utils\math.hpp(22): error C2146: 语法错误: 缺少“;”(在标识符“mov”的前面)
c:\users\administrator\desktop\autobhop\src\utils\math.hpp(22): error C2065: “mov”: 未声明的标识符
c:\users\administrator\desktop\autobhop\src\utils\math.hpp(22): error C2146: 语法错误: 缺少“;”(在标识符“eax”的前面)
c:\users\administrator\desktop\autobhop\src\utils\math.hpp(22): error C2065: “eax”: 未声明的标识符
c:\users\administrator\desktop\autobhop\src\utils\math.hpp(22): error C2275: “DWORD”: 将此类型用作表达式非法
  d:\windows kits\10\include\10.0.17763.0\shared\minwindef.h(156): note: 参见“DWORD”的声明
c:\users\administrator\desktop\autobhop\src\utils\math.hpp(22): error C2146: 语法错误: 缺少“;”(在标识符“PTR”的前面)
c:\users\administrator\desktop\autobhop\src\utils\math.hpp(24): error C2146: 语法错误: 缺少“;”(在标识符“fstp”的前面)
c:\users\administrator\desktop\autobhop\src\utils\math.hpp(24): error C2065: “fstp”: 未声明的标识符
c:\users\administrator\desktop\autobhop\src\utils\math.hpp(24): error C2146: 语法错误: 缺少“;”(在标识符“DWORD”的前面)
c:\users\administrator\desktop\autobhop\src\utils\math.hpp(24): error C2065: “edx”: 未声明的标识符
c:\users\administrator\desktop\autobhop\src\utils\math.hpp(24): error C2369: “PTR”: 重定义；不同的下标
  c:\users\administrator\desktop\autobhop\src\utils\math.hpp(18): note: 参见“PTR”的声明
c:\users\administrator\desktop\autobhop\src\utils\math.hpp(25): error C2146: 语法错误: 缺少“;”(在标识符“fstp”的前面)
c:\users\administrator\desktop\autobhop\src\utils\math.hpp(25): error C2065: “fstp”: 未声明的标识符
c:\users\administrator\desktop\autobhop\src\utils\math.hpp(25): error C2146: 语法错误: 缺少“;”(在标识符“DWORD”的前面)
c:\users\administrator\desktop\autobhop\src\utils\math.hpp(25): error C2065: “eax”: 未声明的标识符
c:\users\administrator\desktop\autobhop\src\utils\math.hpp(26): error C2143: 语法错误: 缺少“;”(在“}”的前面)
c:\users\administrator\desktop\autobhop\src\utils\math.hpp(25): error C2369: “PTR”: 重定义；不同的下标
  c:\users\administrator\desktop\autobhop\src\utils\math.hpp(18): note: 参见“PTR”的声明
c:\users\administrator\desktop\autobhop\src\utils\math.hpp(36): error C2296: “*”: 非法，左操作数包含“float *”类型
c:\users\administrator\desktop\autobhop\src\command.cpp(7): fatal error C1083: 无法打开包括文件: “SMSM.hpp”: No such file or directory
  Game.cpp
  Interface.cpp
